#
# There is insufficient memory for the Java Runtime Environment to continue.
# Native memory allocation (malloc) failed to allocate 997136 bytes for Chunk::new
# Possible reasons:
#   The system is out of physical RAM or swap space
#   In 32 bit mode, the process size limit was hit
# Possible solutions:
#   Reduce memory load on the system
#   Increase physical memory or swap space
#   Check if swap backing store is full
#   Use 64 bit Java on a 64 bit OS
#   Decrease Java heap size (-Xmx/-Xms)
#   Decrease number of Java threads
#   Decrease Java thread stack sizes (-Xss)
#   Set larger code cache with -XX:ReservedCodeCacheSize=
# This output file may be truncated or incomplete.
#
#  Out of Memory Error (allocation.cpp:390), pid=6444, tid=4636
#
# JRE version: Java(TM) SE Runtime Environment (8.0_60-b27) (build 1.8.0_60-b27)
# Java VM: Java HotSpot(TM) 64-Bit Server VM (25.60-b23 mixed mode windows-amd64 compressed oops)
# Failed to write core dump. Minidumps are not enabled by default on client versions of Windows
#

---------------  T H R E A D  ---------------

Current thread (0x0000000017d16000):  JavaThread "C2 CompilerThread0" daemon [_thread_in_native, id=4636, stack(0x00000000182f0000,0x00000000183f0000)]

Stack: [0x00000000182f0000,0x00000000183f0000]
[error occurred during error reporting (printing stack bounds), id 0xc0000005]

Native frames: (J=compiled Java code, j=interpreted, Vv=VM code, C=native code)


Current CompileTask:
C2:    640 1082       4       com.android.dx.ssa.SCCP::simulateStmt (481 bytes)


---------------  P R O C E S S  ---------------

Java Threads: ( => current thread )
  0x0000000017ffb000 JavaThread "pool-1-thread-4" [_thread_blocked, id=9756, stack(0x0000000018cf0000,0x0000000018df0000)]
  0x0000000017fea000 JavaThread "pool-1-thread-3" [_thread_blocked, id=948, stack(0x0000000018bf0000,0x0000000018cf0000)]
  0x0000000017fe9800 JavaThread "pool-1-thread-2" [_thread_blocked, id=9124, stack(0x0000000018af0000,0x0000000018bf0000)]
  0x0000000017fd3800 JavaThread "pool-2-thread-1" [_thread_blocked, id=6560, stack(0x00000000189f0000,0x0000000018af0000)]
  0x0000000017fd3000 JavaThread "pool-1-thread-1" [_thread_blocked, id=8128, stack(0x00000000188f0000,0x00000000189f0000)]
  0x0000000017dc1000 JavaThread "Service Thread" daemon [_thread_blocked, id=7756, stack(0x00000000186f0000,0x00000000187f0000)]
  0x0000000017d2a800 JavaThread "C1 CompilerThread3" daemon [_thread_blocked, id=8588, stack(0x00000000185f0000,0x00000000186f0000)]
  0x0000000017d22800 JavaThread "C2 CompilerThread2" daemon [_thread_in_native, id=9824, stack(0x00000000184f0000,0x00000000185f0000)]
  0x0000000017d1d800 JavaThread "C2 CompilerThread1" daemon [_thread_in_native, id=3412, stack(0x00000000183f0000,0x00000000184f0000)]
=>0x0000000017d16000 JavaThread "C2 CompilerThread0" daemon [_thread_in_native, id=4636, stack(0x00000000182f0000,0x00000000183f0000)]
  0x0000000017d14800 JavaThread "Attach Listener" daemon [_thread_blocked, id=6312, stack(0x00000000181f0000,0x00000000182f0000)]
  0x0000000017d13800 JavaThread "Signal Dispatcher" daemon [_thread_blocked, id=1516, stack(0x00000000180f0000,0x00000000181f0000)]
  0x00000000030d9000 JavaThread "Finalizer" daemon [_thread_blocked, id=8168, stack(0x0000000017af0000,0x0000000017bf0000)]
  0x00000000030d2000 JavaThread "Reference Handler" daemon [_thread_blocked, id=8388, stack(0x00000000179f0000,0x0000000017af0000)]
  0x0000000002fe0800 JavaThread "main" [_thread_blocked, id=4376, stack(0x0000000002ee0000,0x0000000002fe0000)]

Other Threads:
  0x0000000015bf9800 VMThread [stack: 0x00000000178f0000,0x00000000179f0000] [id=4708]
  0x0000000017dca800 WatcherThread [stack: 0x00000000187f0000,0x00000000188f0000] [id=3256]

VM state:not at safepoint (normal execution)

VM Mutex/Monitor currently owned by a thread:  ([mutex/lock_event])
[0x0000000002edc250] Heap_lock - owner thread: 0x0000000017fd3000

Heap:
 PSYoungGen      total 38400K, used 7253K [0x00000000eab00000, 0x00000000ed580000, 0x0000000100000000)
  eden space 33280K, 6% used [0x00000000eab00000,0x00000000ead1b280,0x00000000ecb80000)
  from space 5120K, 99% used [0x00000000ecb80000,0x00000000ed07a350,0x00000000ed080000)
  to   space 5120K, 0% used [0x00000000ed080000,0x00000000ed080000,0x00000000ed580000)
 ParOldGen       total 87552K, used 1388K [0x00000000c0000000, 0x00000000c5580000, 0x00000000eab00000)
  object space 87552K, 1% used [0x00000000c0000000,0x00000000c015b370,0x00000000c5580000)
 Metaspace       used 5914K, capacity 6960K, committed 7040K, reserved 1056768K
  class space    used 593K, capacity 616K, committed 640K, reserved 1048576K

Card table byte_map: [0x00000000124a0000,0x00000000126b0000] byte_map_base: 0x0000000011ea0000

Marking Bits: (ParMarkBitMap*) 0x00000000763da5b0
 Begin Bits: [0x0000000013010000, 0x0000000014010000)
 End Bits:   [0x0000000014010000, 0x0000000015010000)

Polling page: 0x0000000001850000

CodeCache: size=245760Kb used=4756Kb max_used=4772Kb free=241003Kb
 bounds [0x00000000030e0000, 0x0000000003590000, 0x00000000120e0000]
 total_blobs=1474 nmethods=1205 adapters=182
 compilation: enabled

Compilation events (10 events):
Event: 0.636 Thread 0x0000000017d2a800 1213       3       com.android.dx.rop.code.BasicBlockList::getInstructionCount (48 bytes)
Event: 0.637 Thread 0x0000000017d2a800 nmethod 1213 0x0000000003580cd0 code [0x0000000003580e60, 0x00000000035814f0]
Event: 0.637 Thread 0x0000000017d2a800 1214       3       com.android.dx.dex.code.RopTranslator::pickOrder (400 bytes)
Event: 0.638 Thread 0x0000000017d2a800 nmethod 1214 0x0000000003581750 code [0x0000000003581a80, 0x0000000003583b98]
Event: 0.638 Thread 0x0000000017d2a800 1215       3       com.android.dx.dex.code.RopTranslator$TranslationVisitor::getNextMoveResultPseudo (55 bytes)
Event: 0.639 Thread 0x0000000017d2a800 nmethod 1215 0x0000000003584e90 code [0x0000000003585040, 0x0000000003585938]
Event: 0.639 Thread 0x0000000017d2a800 1212       3       com.android.dx.rop.cst.CstString::equals (24 bytes)
Event: 0.639 Thread 0x0000000017d2a800 nmethod 1212 0x0000000003585b90 code [0x0000000003585d00, 0x0000000003586148]
Event: 0.639 Thread 0x0000000017d2a800 1204       1       com.android.dx.ssa.back.FirstFitLocalCombiningAllocator$Multiset::getSize (5 bytes)
Event: 0.639 Thread 0x0000000017d2a800 nmethod 1204 0x0000000003586250 code [0x00000000035863a0, 0x00000000035864b0]

GC Heap History (2 events):
Event: 0.541 GC heap before
{Heap before GC invocations=1 (full 0):
 PSYoungGen      total 38400K, used 33280K [0x00000000eab00000, 0x00000000ed580000, 0x0000000100000000)
  eden space 33280K, 100% used [0x00000000eab00000,0x00000000ecb80000,0x00000000ecb80000)
  from space 5120K, 0% used [0x00000000ed080000,0x00000000ed080000,0x00000000ed580000)
  to   space 5120K, 0% used [0x00000000ecb80000,0x00000000ecb80000,0x00000000ed080000)
 ParOldGen       total 87552K, used 0K [0x00000000c0000000, 0x00000000c5580000, 0x00000000eab00000)
  object space 87552K, 0% used [0x00000000c0000000,0x00000000c0000000,0x00000000c5580000)
 Metaspace       used 5899K, capacity 6896K, committed 7040K, reserved 1056768K
  class space    used 593K, capacity 616K, committed 640K, reserved 1048576K
Event: 0.625 GC heap after
Heap after GC invocations=1 (full 0):
 PSYoungGen      total 38400K, used 5096K [0x00000000eab00000, 0x00000000ed580000, 0x0000000100000000)
  eden space 33280K, 0% used [0x00000000eab00000,0x00000000eab00000,0x00000000ecb80000)
  from space 5120K, 99% used [0x00000000ecb80000,0x00000000ed07a350,0x00000000ed080000)
  to   space 5120K, 0% used [0x00000000ed080000,0x00000000ed080000,0x00000000ed580000)
 ParOldGen       total 87552K, used 1388K [0x00000000c0000000, 0x00000000c5580000, 0x00000000eab00000)
  object space 87552K, 1% used [0x00000000c0000000,0x00000000c015b370,0x00000000c5580000)
 Metaspace       used 5899K, capacity 6896K, committed 7040K, reserved 1056768K
  class space    used 593K, capacity 616K, committed 640K, reserved 1048576K
}

Deoptimization events (10 events):
Event: 0.257 Thread 0x0000000017fe9800 Uncommon trap: reason=unstable_if action=reinterpret pc=0x00000000032dafe0 method=java.util.HashMap.getNode(ILjava/lang/Object;)Ljava/util/HashMap$Node; @ 129
Event: 0.271 Thread 0x0000000017fd3000 Uncommon trap: reason=unstable_if action=reinterpret pc=0x00000000032d7c70 method=java.util.BitSet.nextSetBit(I)I @ 87
Event: 0.359 Thread 0x0000000017ffb000 Uncommon trap: reason=class_check action=maybe_recompile pc=0x0000000003350630 method=com.android.dx.ssa.NormalSsaInsn.accept(Lcom/android/dx/ssa/SsaInsn$Visitor;)V @ 9
Event: 0.359 Thread 0x0000000017ffb000 Uncommon trap: reason=class_check action=maybe_recompile pc=0x0000000003350630 method=com.android.dx.ssa.NormalSsaInsn.accept(Lcom/android/dx/ssa/SsaInsn$Visitor;)V @ 9
Event: 0.359 Thread 0x0000000017ffb000 Uncommon trap: reason=class_check action=maybe_recompile pc=0x0000000003350630 method=com.android.dx.ssa.NormalSsaInsn.accept(Lcom/android/dx/ssa/SsaInsn$Visitor;)V @ 9
Event: 0.360 Thread 0x0000000017ffb000 Uncommon trap: reason=class_check action=maybe_recompile pc=0x0000000003350630 method=com.android.dx.ssa.NormalSsaInsn.accept(Lcom/android/dx/ssa/SsaInsn$Visitor;)V @ 9
Event: 0.361 Thread 0x0000000017ffb000 Uncommon trap: reason=class_check action=maybe_recompile pc=0x000000000330fe70 method=com.android.dx.ssa.NormalSsaInsn.accept(Lcom/android/dx/ssa/SsaInsn$Visitor;)V @ 9
Event: 0.392 Thread 0x0000000002fe0800 Uncommon trap: reason=null_check action=make_not_entrant pc=0x00000000033b9328 method=com.android.dx.rop.type.Type.equals(Ljava/lang/Object;)Z @ 8
Event: 0.471 Thread 0x0000000017ffb000 Uncommon trap: reason=null_check action=make_not_entrant pc=0x00000000033ffe88 method=com.android.dx.ssa.SsaRenamer.getLocalForNewReg(I)Lcom/android/dx/rop/code/LocalItem; @ 19
Event: 0.471 Thread 0x0000000017ffb000 Uncommon trap: reason=null_check action=make_not_entrant pc=0x00000000033f8f7c method=com.android.dx.ssa.SsaRenamer.getLocalForNewReg(I)Lcom/android/dx/rop/code/LocalItem; @ 19

Internal exceptions (5 events):
Event: 0.026 Thread 0x0000000002fe0800 Exception <a 'java/lang/NoSuchMethodError': Method sun.misc.Unsafe.defineClass(Ljava/lang/String;[BII)Ljava/lang/Class; name or signature does not match> (0x00000000eab0d4f0) thrown at [C:\re\workspace\8-2-build-windows-amd64-cygwin\jdk8u60\4407\hotspot\srUŽ>Ìûæš?
Event: 0.026 Thread 0x0000000002fe0800 Exception <a 'java/lang/NoSuchMethodError': Method sun.misc.Unsafe.prefetchRead(Ljava/lang/Object;J)V name or signature does not match> (0x00000000eab0d7d8) thrown at [C:\re\workspace\8-2-build-windows-amd64-cygwin\jdk8u60\4407\hotspot\src\share\vm\prims\jJ–Í(Ù?
Event: 0.392 Thread 0x0000000002fe0800 Implicit null exception at 0x00000000033b9222 to 0x00000000033b931a
Event: 0.471 Thread 0x0000000017ffb000 Implicit null exception at 0x00000000033fed04 to 0x00000000033ffe3d
Event: 0.471 Thread 0x0000000017ffb000 Implicit null exception at 0x00000000033f810c to 0x00000000033f8f49

Events (10 events):
Event: 0.471 Thread 0x0000000017ffb000 DEOPT UNPACKING pc=0x000000000312582a sp=0x0000000018dee4d8 mode 2
Event: 0.471 Thread 0x0000000017ffb000 Uncommon trap: trap_request=0xfffffff4 fr.pc=0x00000000033f8f7c
Event: 0.471 Thread 0x0000000017ffb000 DEOPT PACKING pc=0x00000000033f8f7c sp=0x0000000018dee660
Event: 0.471 Thread 0x0000000017ffb000 DEOPT UNPACKING pc=0x000000000312582a sp=0x0000000018dee4c8 mode 2
Event: 0.480 loading class com/android/dx/cf/attrib/AttLocalVariableTypeTable
Event: 0.480 loading class com/android/dx/cf/attrib/AttLocalVariableTypeTable done
Event: 0.514 Executing VM operation: ForceSafepoint
Event: 0.514 Executing VM operation: ForceSafepoint done
Event: 0.541 Executing VM operation: ParallelGCFailedAllocation
Event: 0.625 Executing VM operation: ParallelGCFailedAllocation done


Dynamic libraries:
0x00007ff63a630000 - 0x00007ff63a667000 	C:\Program Files\Java\jdk1.8.0_60\bin\java.exe
0x00007ffabbbc0000 - 0x00007ffabbd81000 	C:\WINDOWS\SYSTEM32\ntdll.dll
0x00007ffabb630000 - 0x00007ffabb6dd000 	C:\WINDOWS\system32\KERNEL32.DLL
0x00007ffab8f40000 - 0x00007ffab911d000 	C:\WINDOWS\system32\KERNELBASE.dll
0x00007ffabb580000 - 0x00007ffabb626000 	C:\WINDOWS\system32\ADVAPI32.dll
0x00007ffab96a0000 - 0x00007ffab973d000 	C:\WINDOWS\system32\msvcrt.dll
0x00007ffab9640000 - 0x00007ffab969b000 	C:\WINDOWS\system32\sechost.dll
0x00007ffabb890000 - 0x00007ffabb9b6000 	C:\WINDOWS\system32\RPCRT4.dll
0x00007ffabb9c0000 - 0x00007ffabbb0e000 	C:\WINDOWS\system32\USER32.dll
0x00007ffab9740000 - 0x00007ffab98c6000 	C:\WINDOWS\system32\GDI32.dll
0x00007ffab3b20000 - 0x00007ffab3d94000 	C:\WINDOWS\WinSxS\amd64_microsoft.windows.common-controls_6595b64144ccf1df_6.0.10240.16384_none_f41f7b285750ef43\COMCTL32.dll
0x00007ffab9930000 - 0x00007ffab9966000 	C:\WINDOWS\system32\IMM32.DLL
0x00007ffab94d0000 - 0x00007ffab962c000 	C:\WINDOWS\system32\MSCTF.dll
0x0000000075750000 - 0x0000000075822000 	C:\Program Files\Java\jdk1.8.0_60\jre\bin\msvcr100.dll
0x0000000075bd0000 - 0x0000000076459000 	C:\Program Files\Java\jdk1.8.0_60\jre\bin\server\jvm.dll
0x00007ffab9630000 - 0x00007ffab9638000 	C:\WINDOWS\system32\PSAPI.DLL
0x00007ffab5b00000 - 0x00007ffab5b0a000 	C:\WINDOWS\SYSTEM32\VERSION.dll
0x00007ffab61d0000 - 0x00007ffab61f3000 	C:\WINDOWS\SYSTEM32\WINMM.dll
0x00007ffab6150000 - 0x00007ffab617c000 	C:\WINDOWS\SYSTEM32\WINMMBASE.dll
0x00007ffab6270000 - 0x00007ffab6279000 	C:\WINDOWS\SYSTEM32\WSOCK32.dll
0x00007ffab8ef0000 - 0x00007ffab8f34000 	C:\WINDOWS\system32\cfgmgr32.dll
0x00007ffab6f60000 - 0x00007ffab6f87000 	C:\WINDOWS\SYSTEM32\DEVOBJ.dll
0x00007ffab9b20000 - 0x00007ffab9b89000 	C:\WINDOWS\system32\ws2_32.DLL
0x00007ffab9400000 - 0x00007ffab9408000 	C:\WINDOWS\system32\NSI.dll
0x0000000075bc0000 - 0x0000000075bcf000 	C:\Program Files\Java\jdk1.8.0_60\jre\bin\verify.dll
0x0000000075b90000 - 0x0000000075bb9000 	C:\Program Files\Java\jdk1.8.0_60\jre\bin\java.dll
0x0000000075b70000 - 0x0000000075b86000 	C:\Program Files\Java\jdk1.8.0_60\jre\bin\zip.dll
0x00007ffab9dd0000 - 0x00007ffabb2f2000 	C:\WINDOWS\system32\SHELL32.dll
0x00007ffab8860000 - 0x00007ffab8e88000 	C:\WINDOWS\system32\windows.storage.dll
0x00007ffabb300000 - 0x00007ffabb57c000 	C:\WINDOWS\system32\combase.dll
0x00007ffabb830000 - 0x00007ffabb881000 	C:\WINDOWS\system32\shlwapi.dll
0x00007ffab8660000 - 0x00007ffab866f000 	C:\WINDOWS\system32\kernel.appcore.dll
0x00007ffab91d0000 - 0x00007ffab9283000 	C:\WINDOWS\system32\shcore.dll
0x00007ffab85f0000 - 0x00007ffab863a000 	C:\WINDOWS\system32\powrprof.dll
0x00007ffab8670000 - 0x00007ffab8683000 	C:\WINDOWS\system32\profapi.dll

VM Arguments:
jvm_args: -Xmx1024M -Dfile.encoding=windows-1252 -Duser.country=ES -Duser.language=es -Duser.variant 
java_command: com.android.dx.command.Main --dex --num-threads=4 --output C:\Practicas\Recetario1.2\Recetario\app\build\intermediates\pre-dexed\debug\internal_impl-23.0.1-b6cf11997333b899885ebefbf0fa2db131378a8d.jar C:\Practicas\Recetario1.2\Recetario\app\build\intermediates\exploded-aar\com.android.support\support-v4\23.0.1\jars\libs\internal_impl-23.0.1.jar
java_class_path (initial): C:\Users\lprub\AppData\Local\Android\sdk\build-tools\23.0.1\lib\dx.jar
Launcher Type: SUN_STANDARD

Environment Variables:
PATH=C:\ProgramData\Oracle\Java\javapath;C:\Program Files (x86)\Intel\iCLS Client\;C:\Program Files\Intel\iCLS Client\;C:\WINDOWS\system32;C:\WINDOWS;C:\WINDOWS\System32\Wbem;C:\WINDOWS\System32\WindowsPowerShell\v1.0\;C:\Program Files (x86)\NVIDIA Corporation\PhysX\Common;C:\Program Files (x86)\Intel\Intel(R) Management Engine Components\DAL;C:\Program Files\Intel\Intel(R) Management Engine Components\DAL;C:\Program Files (x86)\Intel\Intel(R) Management Engine Components\IPT;C:\Program Files\Intel\Intel(R) Management Engine Components\IPT;C:\Program Files (x86)\Skype\Phone\;C:\Program Files (x86)\Brackets\command
USERNAME=lprub
OS=Windows_NT
PROCESSOR_IDENTIFIER=Intel64 Family 6 Model 60 Stepping 3, GenuineIntel



---------------  S Y S T E M  ---------------

OS: Windows 10.0 , 64 bit Build 10240 (10.0.10240.16384)

CPU:total 8 (4 cores per cpu, 2 threads per core) family 6 model 60 stepping 3, cmov, cx8, fxsr, mmx, sse, sse2, sse3, ssse3, sse4.1, sse4.2, popcnt, avx, avx2, aes, clmul, erms, lzcnt, ht, tsc, tscinvbit, bmi1, bmi2

Memory: 4k page, physical 8314240k(722680k free), swap 9362816k(6576k free)

vm_info: Java HotSpot(TM) 64-Bit Server VM (25.60-b23) for windows-amd64 JRE (1.8.0_60-b27), built on Aug  4 2015 11:06:27 by "java_re" with MS VC++ 10.0 (VS2010)

time: Wed Nov 25 00:25:19 2015
elapsed time: 0 seconds (0d 0h 0m 0s)

