#
# There is insufficient memory for the Java Runtime Environment to continue.
# Native memory allocation (malloc) failed to allocate 1402016 bytes for Chunk::new
# Possible reasons:
#   The system is out of physical RAM or swap space
#   In 32 bit mode, the process size limit was hit
# Possible solutions:
#   Reduce memory load on the system
#   Increase physical memory or swap space
#   Check if swap backing store is full
#   Use 64 bit Java on a 64 bit OS
#   Decrease Java heap size (-Xmx/-Xms)
#   Decrease number of Java threads
#   Decrease Java thread stack sizes (-Xss)
#   Set larger code cache with -XX:ReservedCodeCacheSize=
# This output file may be truncated or incomplete.
#
#  Out of Memory Error (allocation.cpp:390), pid=6888, tid=2396
#
# JRE version: Java(TM) SE Runtime Environment (8.0_60-b27) (build 1.8.0_60-b27)
# Java VM: Java HotSpot(TM) 64-Bit Server VM (25.60-b23 mixed mode windows-amd64 compressed oops)
# Failed to write core dump. Minidumps are not enabled by default on client versions of Windows
#

---------------  T H R E A D  ---------------

Current thread (0x0000000017946000):  JavaThread "C2 CompilerThread0" daemon [_thread_in_native, id=2396, stack(0x0000000017f20000,0x0000000018020000)]

Stack: [0x0000000017f20000,0x0000000018020000]
[error occurred during error reporting (printing stack bounds), id 0xc0000005]

Native frames: (J=compiled Java code, j=interpreted, Vv=VM code, C=native code)


Current CompileTask:
C2:    678 1159   !   4       com.android.dx.cf.code.BytecodeArray::parseInstruction (2764 bytes)


---------------  P R O C E S S  ---------------

Java Threads: ( => current thread )
  0x0000000017c34800 JavaThread "pool-1-thread-4" [_thread_blocked, id=10048, stack(0x0000000018920000,0x0000000018a20000)]
  0x0000000017c30000 JavaThread "pool-1-thread-3" [_thread_in_Java, id=6416, stack(0x0000000018820000,0x0000000018920000)]
  0x0000000017c2d000 JavaThread "pool-1-thread-2" [_thread_in_Java, id=3840, stack(0x0000000018720000,0x0000000018820000)]
  0x0000000017c19000 JavaThread "pool-2-thread-1" [_thread_blocked, id=3176, stack(0x0000000018620000,0x0000000018720000)]
  0x0000000017c13800 JavaThread "pool-1-thread-1" [_thread_blocked, id=8844, stack(0x0000000018520000,0x0000000018620000)]
  0x00000000179f8800 JavaThread "Service Thread" daemon [_thread_blocked, id=9228, stack(0x0000000018320000,0x0000000018420000)]
  0x0000000017958000 JavaThread "C1 CompilerThread3" daemon [_thread_in_vm, id=3284, stack(0x0000000018220000,0x0000000018320000)]
  0x0000000017955800 JavaThread "C2 CompilerThread2" daemon [_thread_in_native, id=3872, stack(0x0000000018120000,0x0000000018220000)]
  0x000000001794d800 JavaThread "C2 CompilerThread1" daemon [_thread_in_vm, id=9036, stack(0x0000000018020000,0x0000000018120000)]
=>0x0000000017946000 JavaThread "C2 CompilerThread0" daemon [_thread_in_native, id=2396, stack(0x0000000017f20000,0x0000000018020000)]
  0x0000000017944800 JavaThread "Attach Listener" daemon [_thread_blocked, id=9700, stack(0x0000000017e20000,0x0000000017f20000)]
  0x0000000017943800 JavaThread "Signal Dispatcher" daemon [_thread_blocked, id=4908, stack(0x0000000017d20000,0x0000000017e20000)]
  0x0000000002d19000 JavaThread "Finalizer" daemon [_thread_blocked, id=6040, stack(0x0000000017720000,0x0000000017820000)]
  0x0000000002d12000 JavaThread "Reference Handler" daemon [_thread_blocked, id=8468, stack(0x0000000017620000,0x0000000017720000)]
  0x0000000002c20800 JavaThread "main" [_thread_blocked, id=9320, stack(0x0000000002b20000,0x0000000002c20000)]

Other Threads:
  0x0000000015839800 VMThread [stack: 0x0000000017520000,0x0000000017620000] [id=9856]
  0x00000000179fb800 WatcherThread [stack: 0x0000000018420000,0x0000000018520000] [id=1192]

VM state:not at safepoint (normal execution)

VM Mutex/Monitor currently owned by a thread: None

Heap:
 PSYoungGen      total 38400K, used 8112K [0x00000000eab00000, 0x00000000ed580000, 0x0000000100000000)
  eden space 33280K, 9% used [0x00000000eab00000,0x00000000eadf31f8,0x00000000ecb80000)
  from space 5120K, 99% used [0x00000000ecb80000,0x00000000ed079080,0x00000000ed080000)
  to   space 5120K, 0% used [0x00000000ed080000,0x00000000ed080000,0x00000000ed580000)
 ParOldGen       total 87552K, used 2188K [0x00000000c0000000, 0x00000000c5580000, 0x00000000eab00000)
  object space 87552K, 2% used [0x00000000c0000000,0x00000000c0223218,0x00000000c5580000)
 Metaspace       used 5914K, capacity 6960K, committed 7040K, reserved 1056768K
  class space    used 594K, capacity 616K, committed 640K, reserved 1048576K

Card table byte_map: [0x00000000120e0000,0x00000000122f0000] byte_map_base: 0x0000000011ae0000

Marking Bits: (ParMarkBitMap*) 0x00000000763da5b0
 Begin Bits: [0x0000000012c50000, 0x0000000013c50000)
 End Bits:   [0x0000000013c50000, 0x0000000014c50000)

Polling page: 0x0000000002960000

CodeCache: size=245760Kb used=4752Kb max_used=4764Kb free=241007Kb
 bounds [0x0000000002d20000, 0x00000000031d0000, 0x0000000011d20000]
 total_blobs=1463 nmethods=1194 adapters=182
 compilation: enabled

Compilation events (10 events):
Event: 0.591 Thread 0x0000000017958000 nmethod 1185 0x00000000031a6510 code [0x00000000031a6660, 0x00000000031a67f0]
Event: 0.591 Thread 0x0000000017958000 1193       3       com.android.dx.util.MutabilityControl::<init> (10 bytes)
Event: 0.591 Thread 0x0000000017958000 nmethod 1193 0x00000000031a6150 code [0x00000000031a62a0, 0x00000000031a6450]
Event: 0.591 Thread 0x0000000017958000 1186       3       com.android.dx.ssa.PhiInsn::hasSideEffect (19 bytes)
Event: 0.591 Thread 0x0000000017958000 nmethod 1186 0x00000000031a5a90 code [0x00000000031a5c00, 0x00000000031a6050]
Event: 0.591 Thread 0x0000000017958000 1172       3       com.android.dx.cf.code.Simulator$SimVisitor::visitNoArgs (2108 bytes)
Event: 0.675 Thread 0x0000000017955800 nmethod 1179 0x00000000031b52d0 code [0x00000000031b5440, 0x00000000031b5b58]
Event: 0.675 Thread 0x0000000017955800 1198       4       com.android.dx.rop.code.RegisterSpecSet::mutableCopy (57 bytes)
Event: 0.675 Thread 0x000000001794d800 nmethod 1073 0x00000000031b6250 code [0x00000000031b6640, 0x00000000031b85b0]
Event: 0.676 Thread 0x000000001794d800 1189       4       java.util.HashMap::get (23 bytes)

GC Heap History (2 events):
Event: 0.622 GC heap before
{Heap before GC invocations=1 (full 0):
 PSYoungGen      total 38400K, used 33280K [0x00000000eab00000, 0x00000000ed580000, 0x0000000100000000)
  eden space 33280K, 100% used [0x00000000eab00000,0x00000000ecb80000,0x00000000ecb80000)
  from space 5120K, 0% used [0x00000000ed080000,0x00000000ed080000,0x00000000ed580000)
  to   space 5120K, 0% used [0x00000000ecb80000,0x00000000ecb80000,0x00000000ed080000)
 ParOldGen       total 87552K, used 0K [0x00000000c0000000, 0x00000000c5580000, 0x00000000eab00000)
  object space 87552K, 0% used [0x00000000c0000000,0x00000000c0000000,0x00000000c5580000)
 Metaspace       used 5895K, capacity 6896K, committed 7040K, reserved 1056768K
  class space    used 594K, capacity 616K, committed 640K, reserved 1048576K
Event: 0.672 GC heap after
Heap after GC invocations=1 (full 0):
 PSYoungGen      total 38400K, used 5092K [0x00000000eab00000, 0x00000000ed580000, 0x0000000100000000)
  eden space 33280K, 0% used [0x00000000eab00000,0x00000000eab00000,0x00000000ecb80000)
  from space 5120K, 99% used [0x00000000ecb80000,0x00000000ed079080,0x00000000ed080000)
  to   space 5120K, 0% used [0x00000000ed080000,0x00000000ed080000,0x00000000ed580000)
 ParOldGen       total 87552K, used 2188K [0x00000000c0000000, 0x00000000c5580000, 0x00000000eab00000)
  object space 87552K, 2% used [0x00000000c0000000,0x00000000c0223218,0x00000000c5580000)
 Metaspace       used 5895K, capacity 6896K, committed 7040K, reserved 1056768K
  class space    used 594K, capacity 616K, committed 640K, reserved 1048576K
}

Deoptimization events (10 events):
Event: 0.584 Thread 0x0000000017c30000 Uncommon trap: reason=bimorphic action=maybe_recompile pc=0x0000000003173c70 method=java.util.HashMap.getNode(ILjava/lang/Object;)Ljava/util/HashMap$Node; @ 126
Event: 0.584 Thread 0x0000000017c30000 Uncommon trap: reason=class_check action=maybe_recompile pc=0x00000000030fa984 method=java.util.HashMap.putVal(ILjava/lang/Object;Ljava/lang/Object;ZZ)Ljava/lang/Object; @ 203
Event: 0.584 Thread 0x0000000017c30000 Uncommon trap: reason=bimorphic action=maybe_recompile pc=0x0000000003173c70 method=java.util.HashMap.getNode(ILjava/lang/Object;)Ljava/util/HashMap$Node; @ 126
Event: 0.584 Thread 0x0000000017c30000 Uncommon trap: reason=class_check action=maybe_recompile pc=0x00000000030fa984 method=java.util.HashMap.putVal(ILjava/lang/Object;Ljava/lang/Object;ZZ)Ljava/lang/Object; @ 203
Event: 0.584 Thread 0x0000000017c30000 Uncommon trap: reason=bimorphic action=maybe_recompile pc=0x0000000003173c70 method=java.util.HashMap.getNode(ILjava/lang/Object;)Ljava/util/HashMap$Node; @ 126
Event: 0.584 Thread 0x0000000017c30000 Uncommon trap: reason=class_check action=maybe_recompile pc=0x00000000030fa984 method=java.util.HashMap.putVal(ILjava/lang/Object;Ljava/lang/Object;ZZ)Ljava/lang/Object; @ 203
Event: 0.584 Thread 0x0000000017c30000 Uncommon trap: reason=bimorphic action=maybe_recompile pc=0x0000000003173c70 method=java.util.HashMap.getNode(ILjava/lang/Object;)Ljava/util/HashMap$Node; @ 126
Event: 0.584 Thread 0x0000000017c30000 Uncommon trap: reason=class_check action=maybe_recompile pc=0x00000000030fa984 method=java.util.HashMap.putVal(ILjava/lang/Object;Ljava/lang/Object;ZZ)Ljava/lang/Object; @ 203
Event: 0.584 Thread 0x0000000017c30000 Uncommon trap: reason=bimorphic action=maybe_recompile pc=0x0000000003168e5c method=java.util.HashMap.getNode(ILjava/lang/Object;)Ljava/util/HashMap$Node; @ 126
Event: 0.584 Thread 0x0000000017c30000 Uncommon trap: reason=class_check action=maybe_recompile pc=0x000000000312acc4 method=java.util.HashMap.putVal(ILjava/lang/Object;Ljava/lang/Object;ZZ)Ljava/lang/Object; @ 203

Internal exceptions (2 events):
Event: 0.026 Thread 0x0000000002c20800 Exception <a 'java/lang/NoSuchMethodError': Method sun.misc.Unsafe.defineClass(Ljava/lang/String;[BII)Ljava/lang/Class; name or signature does not match> (0x00000000eab0d4b0) thrown at [C:\re\workspace\8-2-build-windows-amd64-cygwin\jdk8u60\4407\hotspot\sré`Š
Event: 0.026 Thread 0x0000000002c20800 Exception <a 'java/lang/NoSuchMethodError': Method sun.misc.Unsafe.prefetchRead(Ljava/lang/Object;J)V name or signature does not match> (0x00000000eab0d798) thrown at [C:\re\workspace\8-2-build-windows-amd64-cygwin\jdk8u60\4407\hotspot\src\share\vm\prims\j

Events (10 events):
Event: 0.584 Thread 0x0000000017c30000 DEOPT PACKING pc=0x00000000030fa984 sp=0x000000001891ec50
Event: 0.584 Thread 0x0000000017c30000 DEOPT UNPACKING pc=0x0000000002d6582a sp=0x000000001891eb88 mode 2
Event: 0.584 Thread 0x0000000017c30000 Uncommon trap: trap_request=0xffffffc6 fr.pc=0x0000000003168e5c
Event: 0.584 Thread 0x0000000017c30000 DEOPT PACKING pc=0x0000000003168e5c sp=0x000000001891ec00
Event: 0.584 Thread 0x0000000017c30000 DEOPT UNPACKING pc=0x0000000002d6582a sp=0x000000001891eba8 mode 2
Event: 0.584 Thread 0x0000000017c30000 Uncommon trap: trap_request=0xffffffde fr.pc=0x000000000312acc4
Event: 0.584 Thread 0x0000000017c30000 DEOPT PACKING pc=0x000000000312acc4 sp=0x000000001891ebd0
Event: 0.584 Thread 0x0000000017c30000 DEOPT UNPACKING pc=0x0000000002d6582a sp=0x000000001891eb88 mode 2
Event: 0.593 Executing VM operation: ParallelGCFailedAllocation
Event: 0.673 Executing VM operation: ParallelGCFailedAllocation done


Dynamic libraries:
0x00007ff63a630000 - 0x00007ff63a667000 	C:\Program Files\Java\jdk1.8.0_60\bin\java.exe
0x00007ffabbbc0000 - 0x00007ffabbd81000 	C:\WINDOWS\SYSTEM32\ntdll.dll
0x00007ffabb630000 - 0x00007ffabb6dd000 	C:\WINDOWS\system32\KERNEL32.DLL
0x00007ffab8f40000 - 0x00007ffab911d000 	C:\WINDOWS\system32\KERNELBASE.dll
0x00007ffabb580000 - 0x00007ffabb626000 	C:\WINDOWS\system32\ADVAPI32.dll
0x00007ffab96a0000 - 0x00007ffab973d000 	C:\WINDOWS\system32\msvcrt.dll
0x00007ffab9640000 - 0x00007ffab969b000 	C:\WINDOWS\system32\sechost.dll
0x00007ffabb890000 - 0x00007ffabb9b6000 	C:\WINDOWS\system32\RPCRT4.dll
0x00007ffabb9c0000 - 0x00007ffabbb0e000 	C:\WINDOWS\system32\USER32.dll
0x00007ffab9740000 - 0x00007ffab98c6000 	C:\WINDOWS\system32\GDI32.dll
0x00007ffab3b20000 - 0x00007ffab3d94000 	C:\WINDOWS\WinSxS\amd64_microsoft.windows.common-controls_6595b64144ccf1df_6.0.10240.16384_none_f41f7b285750ef43\COMCTL32.dll
0x00007ffab9930000 - 0x00007ffab9966000 	C:\WINDOWS\system32\IMM32.DLL
0x00007ffab94d0000 - 0x00007ffab962c000 	C:\WINDOWS\system32\MSCTF.dll
0x0000000075750000 - 0x0000000075822000 	C:\Program Files\Java\jdk1.8.0_60\jre\bin\msvcr100.dll
0x0000000075bd0000 - 0x0000000076459000 	C:\Program Files\Java\jdk1.8.0_60\jre\bin\server\jvm.dll
0x00007ffab9630000 - 0x00007ffab9638000 	C:\WINDOWS\system32\PSAPI.DLL
0x00007ffab6270000 - 0x00007ffab6279000 	C:\WINDOWS\SYSTEM32\WSOCK32.dll
0x00007ffab61d0000 - 0x00007ffab61f3000 	C:\WINDOWS\SYSTEM32\WINMM.dll
0x00007ffab9b20000 - 0x00007ffab9b89000 	C:\WINDOWS\system32\WS2_32.dll
0x00007ffab9400000 - 0x00007ffab9408000 	C:\WINDOWS\system32\NSI.dll
0x00000000028e0000 - 0x000000000290c000 	C:\WINDOWS\SYSTEM32\WINMMBASE.dll
0x00007ffab5b00000 - 0x00007ffab5b0a000 	C:\WINDOWS\SYSTEM32\VERSION.dll
0x00007ffab8ef0000 - 0x00007ffab8f34000 	C:\WINDOWS\system32\cfgmgr32.dll
0x00007ffab6f60000 - 0x00007ffab6f87000 	C:\WINDOWS\SYSTEM32\DEVOBJ.dll
0x0000000075bc0000 - 0x0000000075bcf000 	C:\Program Files\Java\jdk1.8.0_60\jre\bin\verify.dll
0x0000000075b90000 - 0x0000000075bb9000 	C:\Program Files\Java\jdk1.8.0_60\jre\bin\java.dll
0x0000000075b70000 - 0x0000000075b86000 	C:\Program Files\Java\jdk1.8.0_60\jre\bin\zip.dll
0x00007ffab9dd0000 - 0x00007ffabb2f2000 	C:\WINDOWS\system32\SHELL32.dll
0x00007ffab8860000 - 0x00007ffab8e88000 	C:\WINDOWS\system32\windows.storage.dll
0x00007ffabb300000 - 0x00007ffabb57c000 	C:\WINDOWS\system32\combase.dll
0x00007ffabb830000 - 0x00007ffabb881000 	C:\WINDOWS\system32\shlwapi.dll
0x00007ffab8660000 - 0x00007ffab866f000 	C:\WINDOWS\system32\kernel.appcore.dll
0x00007ffab91d0000 - 0x00007ffab9283000 	C:\WINDOWS\system32\shcore.dll
0x00007ffab85f0000 - 0x00007ffab863a000 	C:\WINDOWS\system32\powrprof.dll
0x00007ffab8670000 - 0x00007ffab8683000 	C:\WINDOWS\system32\profapi.dll

VM Arguments:
jvm_args: -Xmx1024M -Dfile.encoding=windows-1252 -Duser.country=ES -Duser.language=es -Duser.variant 
java_command: com.android.dx.command.Main --dex --num-threads=4 --output C:\Practicas\Recetario1.2\Recetario\app\build\intermediates\pre-dexed\debug\classes-7597df6107331c12d81a7bc33e788a68938e44b9.jar C:\Practicas\Recetario1.2\Recetario\app\build\intermediates\exploded-aar\com.android.support\support-v4\23.0.1\jars\classes.jar
java_class_path (initial): C:\Users\lprub\AppData\Local\Android\sdk\build-tools\23.0.1\lib\dx.jar
Launcher Type: SUN_STANDARD

Environment Variables:
PATH=C:\ProgramData\Oracle\Java\javapath;C:\Program Files (x86)\Intel\iCLS Client\;C:\Program Files\Intel\iCLS Client\;C:\WINDOWS\system32;C:\WINDOWS;C:\WINDOWS\System32\Wbem;C:\WINDOWS\System32\WindowsPowerShell\v1.0\;C:\Program Files (x86)\NVIDIA Corporation\PhysX\Common;C:\Program Files (x86)\Intel\Intel(R) Management Engine Components\DAL;C:\Program Files\Intel\Intel(R) Management Engine Components\DAL;C:\Program Files (x86)\Intel\Intel(R) Management Engine Components\IPT;C:\Program Files\Intel\Intel(R) Management Engine Components\IPT;C:\Program Files (x86)\Skype\Phone\;C:\Program Files (x86)\Brackets\command
USERNAME=lprub
OS=Windows_NT
PROCESSOR_IDENTIFIER=Intel64 Family 6 Model 60 Stepping 3, GenuineIntel



---------------  S Y S T E M  ---------------

OS: Windows 10.0 , 64 bit Build 10240 (10.0.10240.16384)

CPU:total 8 (4 cores per cpu, 2 threads per core) family 6 model 60 stepping 3, cmov, cx8, fxsr, mmx, sse, sse2, sse3, ssse3, sse4.1, sse4.2, popcnt, avx, avx2, aes, clmul, erms, lzcnt, ht, tsc, tscinvbit, bmi1, bmi2

Memory: 4k page, physical 8314240k(713132k free), swap 9362816k(5368k free)

vm_info: Java HotSpot(TM) 64-Bit Server VM (25.60-b23) for windows-amd64 JRE (1.8.0_60-b27), built on Aug  4 2015 11:06:27 by "java_re" with MS VC++ 10.0 (VS2010)

time: Wed Nov 25 00:25:19 2015
elapsed time: 0 seconds (0d 0h 0m 0s)

