#
# There is insufficient memory for the Java Runtime Environment to continue.
# Native memory allocation (malloc) failed to allocate 1048576 bytes for AllocateHeap
# Possible reasons:
#   The system is out of physical RAM or swap space
#   In 32 bit mode, the process size limit was hit
# Possible solutions:
#   Reduce memory load on the system
#   Increase physical memory or swap space
#   Check if swap backing store is full
#   Use 64 bit Java on a 64 bit OS
#   Decrease Java heap size (-Xmx/-Xms)
#   Decrease number of Java threads
#   Decrease Java thread stack sizes (-Xss)
#   Set larger code cache with -XX:ReservedCodeCacheSize=
# This output file may be truncated or incomplete.
#
#  Out of Memory Error (memory/allocation.inline.hpp:61), pid=8724, tid=2300
#
# JRE version:  (8.0_60-b27) (build )
# Java VM: Java HotSpot(TM) 64-Bit Server VM (25.60-b23 mixed mode windows-amd64 compressed oops)
# Failed to write core dump. Minidumps are not enabled by default on client versions of Windows
#

---------------  T H R E A D  ---------------

Current thread (0x0000000002440800):  JavaThread "Unknown thread" [_thread_in_vm, id=2300, stack(0x0000000002340000,0x0000000002440000)]

Stack: [0x0000000002340000,0x0000000002440000]
[error occurred during error reporting (printing stack bounds), id 0xc0000005]

Native frames: (J=compiled Java code, j=interpreted, Vv=VM code, C=native code)


---------------  P R O C E S S  ---------------

Java Threads: ( => current thread )

Other Threads:

=>0x0000000002440800 (exited) JavaThread "Unknown thread" [_thread_in_vm, id=2300, stack(0x0000000002340000,0x0000000002440000)]

VM state:not at safepoint (normal execution)

VM Mutex/Monitor currently owned by a thread: None

Heap:
 PSYoungGen      total 38400K, used 665K [0x00000000eab00000, 0x00000000ed580000, 0x0000000100000000)
  eden space 33280K, 2% used [0x00000000eab00000,0x00000000eaba6670,0x00000000ecb80000)
  from space 5120K, 0% used [0x00000000ed080000,0x00000000ed080000,0x00000000ed580000)
  to   space 5120K, 0% used [0x00000000ecb80000,0x00000000ecb80000,0x00000000ed080000)
 ParOldGen       total 87552K, used 0K [0x00000000c0000000, 0x00000000c5580000, 0x00000000eab00000)
  object space 87552K, 0% used [0x00000000c0000000,0x00000000c0000000,0x00000000c5580000)
 Metaspace       used 767K, capacity 4480K, committed 4480K, reserved 1056768K
  class space    used 75K, capacity 384K, committed 384K, reserved 1048576K

Card table byte_map: [0x0000000011900000,0x0000000011b10000] byte_map_base: 0x0000000011300000

Marking Bits: (ParMarkBitMap*) 0x00000000764fa5b0
 Begin Bits: [0x0000000012470000, 0x0000000013470000)
 End Bits:   [0x0000000013470000, 0x0000000014470000)

Polling page: 0x0000000002220000

CodeCache: size=245760Kb used=328Kb max_used=328Kb free=245431Kb
 bounds [0x0000000002540000, 0x00000000027b0000, 0x0000000011540000]
 total_blobs=57 nmethods=0 adapters=37
 compilation: enabled

Compilation events (0 events):
No events

GC Heap History (0 events):
No events

Deoptimization events (0 events):
No events

Internal exceptions (0 events):
No events

Events (10 events):
Event: 0.016 loading class java/lang/Short
Event: 0.016 loading class java/lang/Short done
Event: 0.016 loading class java/lang/Integer
Event: 0.016 loading class java/lang/Integer done
Event: 0.016 loading class java/lang/Long
Event: 0.016 loading class java/lang/Long done
Event: 0.016 loading class java/lang/NullPointerException
Event: 0.017 loading class java/lang/NullPointerException done
Event: 0.017 loading class java/lang/ArithmeticException
Event: 0.017 loading class java/lang/ArithmeticException done


Dynamic libraries:
0x00007ff77b8e0000 - 0x00007ff77b917000 	C:\Program Files\Java\jdk1.8.0_60\bin\java.exe
0x00007ff9dc990000 - 0x00007ff9dcb51000 	C:\WINDOWS\SYSTEM32\ntdll.dll
0x00007ff9dc0a0000 - 0x00007ff9dc14d000 	C:\WINDOWS\system32\KERNEL32.DLL
0x00007ff9d9e80000 - 0x00007ff9da05d000 	C:\WINDOWS\system32\KERNELBASE.dll
0x00007ff9dbf50000 - 0x00007ff9dbff6000 	C:\WINDOWS\system32\ADVAPI32.dll
0x00007ff9dc000000 - 0x00007ff9dc09d000 	C:\WINDOWS\system32\msvcrt.dll
0x00007ff9dbd10000 - 0x00007ff9dbd6b000 	C:\WINDOWS\system32\sechost.dll
0x00007ff9dc3d0000 - 0x00007ff9dc4f6000 	C:\WINDOWS\system32\RPCRT4.dll
0x00007ff9dbdf0000 - 0x00007ff9dbf3e000 	C:\WINDOWS\system32\USER32.dll
0x00007ff9dc6b0000 - 0x00007ff9dc836000 	C:\WINDOWS\system32\GDI32.dll
0x00007ff9d4990000 - 0x00007ff9d4c04000 	C:\WINDOWS\WinSxS\amd64_microsoft.windows.common-controls_6595b64144ccf1df_6.0.10240.16384_none_f41f7b285750ef43\COMCTL32.dll
0x00007ff9db9c0000 - 0x00007ff9db9f6000 	C:\WINDOWS\system32\IMM32.DLL
0x00007ff9dba00000 - 0x00007ff9dbb5c000 	C:\WINDOWS\system32\MSCTF.dll
0x0000000075870000 - 0x0000000075942000 	C:\Program Files\Java\jdk1.8.0_60\jre\bin\msvcr100.dll
0x0000000075cf0000 - 0x0000000076579000 	C:\Program Files\Java\jdk1.8.0_60\jre\bin\server\jvm.dll
0x00007ff9db7e0000 - 0x00007ff9db7e8000 	C:\WINDOWS\system32\PSAPI.DLL
0x00007ff9d7b80000 - 0x00007ff9d7b89000 	C:\WINDOWS\SYSTEM32\WSOCK32.dll
0x00007ff9d6470000 - 0x00007ff9d647a000 	C:\WINDOWS\SYSTEM32\VERSION.dll
0x00007ff9d7950000 - 0x00007ff9d7973000 	C:\WINDOWS\SYSTEM32\WINMM.dll
0x00007ff9dbb60000 - 0x00007ff9dbbc9000 	C:\WINDOWS\system32\WS2_32.dll
0x00007ff9d76a0000 - 0x00007ff9d76cc000 	C:\WINDOWS\SYSTEM32\WINMMBASE.dll
0x00007ff9db590000 - 0x00007ff9db598000 	C:\WINDOWS\system32\NSI.dll
0x00007ff9d9a90000 - 0x00007ff9d9ad4000 	C:\WINDOWS\system32\cfgmgr32.dll
0x00007ff9d7d30000 - 0x00007ff9d7d57000 	C:\WINDOWS\SYSTEM32\DEVOBJ.dll
0x0000000075ce0000 - 0x0000000075cef000 	C:\Program Files\Java\jdk1.8.0_60\jre\bin\verify.dll
0x0000000075cb0000 - 0x0000000075cd9000 	C:\Program Files\Java\jdk1.8.0_60\jre\bin\java.dll
0x0000000075c90000 - 0x0000000075ca6000 	C:\Program Files\Java\jdk1.8.0_60\jre\bin\zip.dll

VM Arguments:
jvm_args: -Xmx1024M -Dfile.encoding=windows-1252 -Duser.country=ES -Duser.language=es -Duser.variant 
java_command: com.android.dx.command.Main --dex --num-threads=4 --output C:\Users\lprub\Desktop\COPIA BUENA RECETARIO\Recetario\app\build\intermediates\pre-dexed\debug\internal_impl-23.0.1-784c7c2f2dc01a9f5ee48a4f147baa537bb248e4.jar C:\Users\lprub\Desktop\COPIA BUENA RECETARIO\Recetario\app\build\intermediates\exploded-aar\com.android.support\support-v4\23.0.1\jars\libs\internal_impl-23.0.1.jar
java_class_path (initial): C:\Users\lprub\AppData\Local\Android\sdk\build-tools\23.0.1\lib\dx.jar
Launcher Type: SUN_STANDARD

Environment Variables:
PATH=C:\ProgramData\Oracle\Java\javapath;C:\Program Files (x86)\Intel\iCLS Client\;C:\Program Files\Intel\iCLS Client\;C:\WINDOWS\system32;C:\WINDOWS;C:\WINDOWS\System32\Wbem;C:\WINDOWS\System32\WindowsPowerShell\v1.0\;C:\Program Files (x86)\NVIDIA Corporation\PhysX\Common;C:\Program Files (x86)\Intel\Intel(R) Management Engine Components\DAL;C:\Program Files\Intel\Intel(R) Management Engine Components\DAL;C:\Program Files (x86)\Intel\Intel(R) Management Engine Components\IPT;C:\Program Files\Intel\Intel(R) Management Engine Components\IPT;C:\Program Files (x86)\Skype\Phone\;C:\Program Files (x86)\Brackets\command
USERNAME=lprub
OS=Windows_NT
PROCESSOR_IDENTIFIER=Intel64 Family 6 Model 60 Stepping 3, GenuineIntel



---------------  S Y S T E M  ---------------

OS: Windows 10.0 , 64 bit Build 10240 (10.0.10240.16384)

CPU:total 8 (4 cores per cpu, 2 threads per core) family 6 model 60 stepping 3, cmov, cx8, fxsr, mmx, sse, sse2, sse3, ssse3, sse4.1, sse4.2, popcnt, avx, avx2, aes, clmul, erms, lzcnt, ht, tsc, tscinvbit, bmi1, bmi2

Memory: 4k page, physical 8314240k(2176572k free), swap 9144400k(5560k free)

vm_info: Java HotSpot(TM) 64-Bit Server VM (25.60-b23) for windows-amd64 JRE (1.8.0_60-b27), built on Aug  4 2015 11:06:27 by "java_re" with MS VC++ 10.0 (VS2010)

time: Wed Nov 25 16:20:40 2015
elapsed time: 0 seconds (0d 0h 0m 0s)

